<?xml version="1.0" encoding="UTF-8"?>
<!-- Generated by org.testng.reporters.JUnitReportReporter -->
<testsuite hostname="DESKTOP-52RSS5B" failures="0" tests="1" name="Com.BankingTestCases.Banking_LoginTestCases" time="57.935" errors="0" timestamp="2023-01-03T13:28:28 IST" skipped="0">
  <testcase classname="Com.BankingTestCases.Banking_LoginTestCases" name="LoginTest" time="57.935"/>
  <system-out/>
</testsuite> <!-- Com.BankingTestCases.Banking_LoginTestCases -->
